<?xml version="1.0" encoding="UTF-8"?>
<!-- Generated by org.testng.reporters.JUnitReportReporter -->
<testsuite hostname="W10-VDI-WDW4478" failures="0" tests="1" name="com.rb.fb.LoginTest" time="3.726" errors="0" timestamp="2022-12-22T11:48:07 IST" skipped="0">
  <testcase classname="com.rb.fb.LoginTest" name="loginWebPageCredentials" time="3.726"/>
  <system-out/>
</testsuite> <!-- com.rb.fb.LoginTest -->
