<?xml version="1.0" encoding="UTF-8"?>
<!-- Generated by org.testng.reporters.JUnitReportReporter -->
<testsuite hostname="W10-VDI-WDW4478" failures="0" tests="2" name="com.rb.fb.FacebookTest" time="10.609" errors="0" timestamp="2022-12-06T11:27:54 IST" skipped="0">
  <testcase classname="com.rb.fb.FacebookTest" name="fbLoginMethod" time="0.456"/>
  <system-out/>
  <testcase classname="com.rb.fb.FacebookTest" name="fbHomeMethod" time="10.153"/>
  <system-out/>
</testsuite> <!-- com.rb.fb.FacebookTest -->
