<?xml version="1.0" encoding="UTF-8"?>
<!-- Generated by org.testng.reporters.JUnitReportReporter -->
<testsuite hostname="W10-VDI-WDW4478" failures="0" tests="1" name="com.rb.fb.PageFactoryTest" time="0.835" errors="0" timestamp="2023-01-10T12:24:47 IST" skipped="0">
  <testcase classname="com.rb.fb.PageFactoryTest" name="SearchSelenium" time="0.835"/>
  <system-out/>
</testsuite> <!-- com.rb.fb.PageFactoryTest -->
